<?xml version="1.0" encoding="UTF-8"?>
<!-- Generated by org.testng.reporters.JUnitXMLReporter -->
<testsuite ignored="0" hostname="DESKTOP-72M7BDB" failures="0" tests="3" name="Default test" time="2.158" errors="0" timestamp="2021-03-19T23:32:26 IST">
  <testcase classname="dataprovider.excel.dataprovider" name="testcasedata" time="0.009"/>
  <testcase classname="dataprovider.excel.dataprovider" name="testcasedata" time="0.003"/>
  <testcase classname="dataprovider.excel.dataprovider" name="testcasedata" time="0.002"/>
</testsuite> <!-- Default test -->
