<?xml version="1.0" encoding="UTF-8"?>
<testng-results ignored="0" total="2" passed="2" failed="0" skipped="0">
  <reporter-output>
  </reporter-output>
  <suite started-at="2021-04-11T22:51:08 IST" name="Default suite" finished-at="2021-04-11T22:51:34 IST" duration-ms="26408">
    <groups>
    </groups>
    <test started-at="2021-04-11T22:51:08 IST" name="Default test" finished-at="2021-04-11T22:51:34 IST" duration-ms="26408">
      <class name="com.orangeHRM.testcases.LoginPageTest">
        <test-method is-config="true" signature="setup()[pri:0, instance:com.orangeHRM.testcases.LoginPageTest@159f197]" started-at="2021-04-11T22:51:08 IST" name="setup" finished-at="2021-04-11T22:51:18 IST" duration-ms="9812" status="PASS">
          <reporter-output>
          </reporter-output>
        </test-method> <!-- setup -->
        <test-method signature="logoTest()[pri:1, instance:com.orangeHRM.testcases.LoginPageTest@159f197]" started-at="2021-04-11T22:51:18 IST" name="logoTest" finished-at="2021-04-11T22:51:18 IST" duration-ms="261" status="PASS">
          <reporter-output>
          </reporter-output>
        </test-method> <!-- logoTest -->
        <test-method is-config="true" signature="tearDown()[pri:0, instance:com.orangeHRM.testcases.LoginPageTest@159f197]" started-at="2021-04-11T22:51:18 IST" name="tearDown" finished-at="2021-04-11T22:51:18 IST" duration-ms="419" status="PASS">
          <reporter-output>
          </reporter-output>
        </test-method> <!-- tearDown -->
        <test-method is-config="true" signature="setup()[pri:0, instance:com.orangeHRM.testcases.LoginPageTest@159f197]" started-at="2021-04-11T22:51:18 IST" name="setup" finished-at="2021-04-11T22:51:26 IST" duration-ms="7876" status="PASS">
          <reporter-output>
          </reporter-output>
        </test-method> <!-- setup -->
        <test-method signature="loginTest()[pri:2, instance:com.orangeHRM.testcases.LoginPageTest@159f197]" started-at="2021-04-11T22:51:26 IST" name="loginTest" finished-at="2021-04-11T22:51:34 IST" duration-ms="7503" status="PASS">
          <reporter-output>
          </reporter-output>
        </test-method> <!-- loginTest -->
        <test-method is-config="true" signature="tearDown()[pri:0, instance:com.orangeHRM.testcases.LoginPageTest@159f197]" started-at="2021-04-11T22:51:34 IST" name="tearDown" finished-at="2021-04-11T22:51:34 IST" duration-ms="485" status="PASS">
          <reporter-output>
          </reporter-output>
        </test-method> <!-- tearDown -->
      </class> <!-- com.orangeHRM.testcases.LoginPageTest -->
    </test> <!-- Default test -->
  </suite> <!-- Default suite -->
</testng-results>
