<?xml version="1.0" encoding="UTF-8"?>
<!-- Generated by org.testng.reporters.JUnitXMLReporter -->
<testsuite ignored="0" hostname="DESKTOP-72M7BDB" failures="1" tests="3" name="Test" time="35.108" errors="0" timestamp="2021-04-08T12:51:29 IST">
  <testcase classname="com.test.OrangeHRMTest" name="loginPageTest" time="0.096"/>
  <testcase classname="com.test.OrangeHRMTest" name="loginTest" time="6.187">
    <failure type="java.lang.AssertionError" message="expected [OrangeHRM1] but found [OrangeHRM]">
      <![CDATA[java.lang.AssertionError: expected [OrangeHRM1] but found [OrangeHRM]
at com.test.OrangeHRMTest.loginTest(OrangeHRMTest.java:29)
at java.base/java.util.ArrayList.forEach(ArrayList.java:1511)
... Removed 33 stack frames]]>
    </failure>
  </testcase> <!-- loginTest -->
  <testcase classname="com.test.OrangeHRMTest" name="sampleTest" time="0.003"/>
</testsuite> <!-- Test -->
