<?xml version="1.0" encoding="UTF-8"?>
<testng-results ignored="1" total="5" passed="4" failed="0" skipped="0">
  <reporter-output>
  </reporter-output>
  <suite started-at="2021-05-18T23:17:06 IST" name="Suite" finished-at="2021-05-18T23:17:31 IST" duration-ms="24636">
    <groups>
    </groups>
    <test started-at="2021-05-18T23:17:06 IST" name="Test" finished-at="2021-05-18T23:17:31 IST" duration-ms="24636">
      <class name="com.test.TestngDemo">
        <test-method is-config="true" signature="setup()[pri:0, instance:com.test.TestngDemo@2667f029]" started-at="2021-05-18T23:17:06 IST" name="setup" finished-at="2021-05-18T23:17:16 IST" duration-ms="10112" status="PASS">
          <reporter-output>
          </reporter-output>
        </test-method> <!-- setup -->
        <test-method signature="testcase1()[pri:1, instance:com.test.TestngDemo@2667f029]" started-at="2021-05-18T23:17:16 IST" name="testcase1" description="luch app" finished-at="2021-05-18T23:17:16 IST" duration-ms="108" status="PASS">
          <reporter-output>
          </reporter-output>
        </test-method> <!-- testcase1 -->
        <test-method signature="testcase2()[pri:2, instance:com.test.TestngDemo@2667f029]" started-at="2021-05-18T23:17:16 IST" name="testcase2" description="Login functionality test" finished-at="2021-05-18T23:17:30 IST" duration-ms="14042" status="PASS">
          <reporter-output>
          </reporter-output>
        </test-method> <!-- testcase2 -->
        <test-method signature="testcase3()[pri:3, instance:com.test.TestngDemo@2667f029]" started-at="2021-05-18T23:17:30 IST" name="testcase3" description="title test" finished-at="2021-05-18T23:17:30 IST" duration-ms="8" status="PASS">
          <reporter-output>
          </reporter-output>
        </test-method> <!-- testcase3 -->
        <test-method signature="testcase4()[pri:4, instance:com.test.TestngDemo@2667f029]" started-at="2021-05-18T23:17:30 IST" name="testcase4" description="verify url" finished-at="2021-05-18T23:17:30 IST" duration-ms="7" status="PASS">
          <reporter-output>
          </reporter-output>
        </test-method> <!-- testcase4 -->
        <test-method is-config="true" signature="terDown()[pri:0, instance:com.test.TestngDemo@2667f029]" started-at="2021-05-18T23:17:30 IST" name="terDown" finished-at="2021-05-18T23:17:31 IST" duration-ms="301" status="PASS">
          <reporter-output>
          </reporter-output>
        </test-method> <!-- terDown -->
      </class> <!-- com.test.TestngDemo -->
    </test> <!-- Test -->
  </suite> <!-- Suite -->
</testng-results>
