<?xml version="1.0" encoding="UTF-8"?>
<testng-results total="3" passed="3" failed="0" skipped="0">
  <reporter-output>
  </reporter-output>
  <suite started-at="2021-02-20T14:59:52Z" name="Default suite" finished-at="2021-02-20T14:59:52Z" duration-ms="55">
    <groups>
    </groups>
    <test started-at="2021-02-20T14:59:52Z" name="Default test" finished-at="2021-02-20T14:59:52Z" duration-ms="55">
      <class name="ui.Testng">
        <test-method signature="Login()[pri:0, instance:ui.Testng@3f6f6701]" started-at="2021-02-20T20:29:52Z" name="Login" finished-at="2021-02-20T20:29:52Z" duration-ms="13" status="PASS">
          <reporter-output>
          </reporter-output>
        </test-method> <!-- Login -->
        <test-method signature="Logout()[pri:0, instance:ui.Testng@3f6f6701]" started-at="2021-02-20T20:29:52Z" name="Logout" finished-at="2021-02-20T20:29:52Z" duration-ms="3" status="PASS">
          <reporter-output>
          </reporter-output>
        </test-method> <!-- Logout -->
        <test-method signature="openURL()[pri:0, instance:ui.Testng@3f6f6701]" started-at="2021-02-20T20:29:52Z" name="openURL" finished-at="2021-02-20T20:29:52Z" duration-ms="2" status="PASS">
          <reporter-output>
          </reporter-output>
        </test-method> <!-- openURL -->
      </class> <!-- ui.Testng -->
    </test> <!-- Default test -->
  </suite> <!-- Default suite -->
</testng-results>
