<?xml version="1.0" encoding="UTF-8"?>
<!-- Generated by org.testng.reporters.JUnitXMLReporter -->
<testsuite ignored="1" hostname="DESKTOP-72M7BDB" failures="0" tests="4" name="Default test" time="16.16" errors="0" timestamp="2021-05-18T23:14:13 IST">
  <testcase classname="com.test.TestngDemo" name="testcase1" time="0.102"/>
  <testcase classname="com.test.TestngDemo" name="testcase2" time="7.373"/>
  <testcase classname="com.test.TestngDemo" name="testcase3" time="0.009"/>
  <testcase classname="com.test.TestngDemo" name="testcase4" time="0.008"/>
  <testcase classname="com.test.TestngDemo" name="testcase5" time="0.0">
    <ignored/>
  </testcase> <!-- testcase5 -->
</testsuite> <!-- Default test -->
