<?xml version="1.0" encoding="UTF-8"?>
<testng-results total="2" passed="2" failed="0" skipped="0">
  <reporter-output>
  </reporter-output>
  <suite started-at="2021-02-23T06:12:41Z" name="Default suite" finished-at="2021-02-23T06:12:41Z" duration-ms="88">
    <groups>
    </groups>
    <test started-at="2021-02-23T06:12:41Z" name="Default test" finished-at="2021-02-23T06:12:41Z" duration-ms="88">
      <class name="youtubeMavenProject.Testng">
        <test-method signature="login()[pri:0, instance:youtubeMavenProject.Testng@41a0aa7d]" started-at="2021-02-23T11:42:41Z" name="login" description="this is the login page" finished-at="2021-02-23T11:42:41Z" duration-ms="36" status="PASS">
          <reporter-output>
          </reporter-output>
        </test-method> <!-- login -->
        <test-method signature="logout()[pri:0, instance:youtubeMavenProject.Testng@41a0aa7d]" started-at="2021-02-23T11:42:41Z" name="logout" description="this is the logout page" finished-at="2021-02-23T11:42:41Z" duration-ms="1" status="PASS">
          <reporter-output>
          </reporter-output>
        </test-method> <!-- logout -->
      </class> <!-- youtubeMavenProject.Testng -->
    </test> <!-- Default test -->
  </suite> <!-- Default suite -->
</testng-results>
