<?xml version="1.0" encoding="UTF-8"?>
<!-- Generated by org.testng.reporters.JUnitXMLReporter -->
<testsuite ignored="0" hostname="DESKTOP-72M7BDB" failures="2" tests="4" name="Test" time="74.948" errors="0" timestamp="2021-04-04T19:23:25 IST">
  <testcase classname="com.testpackage.ScreenShotTest" name="testcase1" time="7.265">
    <failure type="java.lang.AssertionError" message="expected [true] but found [false]">
      <![CDATA[java.lang.AssertionError: expected [true] but found [false]
at com.testpackage.ScreenShotTest.testcase1(ScreenShotTest.java:19)
at java.base/java.util.ArrayList.forEach(ArrayList.java:1511)
... Removed 31 stack frames]]>
    </failure>
  </testcase> <!-- testcase1 -->
  <testcase classname="com.testpackage.ScreenShotTest" name="testcase2" time="10.398"/>
  <testcase classname="com.testpackage.TestClass" name="testcase3" time="9.041">
    <failure type="java.lang.AssertionError" message="expected [true] but found [false]">
      <![CDATA[java.lang.AssertionError: expected [true] but found [false]
at com.testpackage.TestClass.testcase3(TestClass.java:16)
at java.base/java.util.ArrayList.forEach(ArrayList.java:1511)
... Removed 31 stack frames]]>
    </failure>
  </testcase> <!-- testcase3 -->
  <testcase classname="com.testpackage.TestClass" name="testcase4" time="5.811"/>
</testsuite> <!-- Test -->
