<?xml version="1.0" encoding="UTF-8"?>
<!-- Generated by org.testng.reporters.JUnitXMLReporter -->
<testsuite ignored="0" hostname="DESKTOP-72M7BDB" failures="0" tests="5" name="Default test" time="0.522" errors="0" timestamp="2021-04-11T18:04:05 IST">
  <testcase classname="com.WriteTestcases.ExcelTest" name="testcase1" time="0.012"/>
  <testcase classname="com.WriteTestcases.ExcelTest" name="testcase2" time="0.031"/>
  <testcase classname="com.WriteTestcases.ExcelTest" name="testcase3" time="0.003"/>
  <testcase classname="com.WriteTestcases.ExcelTest" name="testcase4" time="0.406"/>
  <testcase classname="com.WriteTestcases.ExcelTest" name="testcase5" time="0.002"/>
</testsuite> <!-- Default test -->
