<?xml version="1.0" encoding="UTF-8"?>
<!-- Generated by org.testng.reporters.JUnitXMLReporter -->
<testsuite hostname="DESKTOP-72M7BDB" failures="1" tests="9" name="Test" time="18.877" errors="0" timestamp="18 Feb 2021 17:38:15 GMT">
  <testcase classname="test.Testng" name="test" time="0.004"/>
  <testcase classname="test.Verify" name="verify" time="9.461">
    <failure type="java.lang.AssertionError" message="expected:&amp;lt;Electronics, Cars, Fashion, Collectibles &amp;amp; More | eBay&amp;gt; but was:&amp;lt;Electronics, Cars,df Fashion, Collectibles &amp;amp; More | eBay&amp;gt;">
      <![CDATA[java.lang.AssertionError: expected:<Electronics, Cars, Fashion, Collectibles & More | eBay> but was:<Electronics, Cars,df Fashion, Collectibles & More | eBay>
	at test.Verify.verify(Verify.java:20)
... Removed 26 stack frames]]>
    </failure>
  </testcase> <!-- verify -->
  <testcase classname="test.Verifysoftassert" name="verify" time="9.363"/>
  <testcase classname="test.Grouptestdemo" name="test3" time="0.001"/>
  <testcase classname="test.Grouptestdemo" name="test4" time="0.001"/>
  <testcase classname="test.Testng" name="test1" time="0.001"/>
  <testcase classname="test.Grouptestdemo" name="test1" time="0.001"/>
  <testcase classname="test.Testng" name="logout" time="0.001"/>
  <testcase classname="test.Grouptestdemo" name="test2" time="0.003"/>
</testsuite> <!-- Test -->
