-------------------------------------------------------------------------------
Test set: StepDefinations.TestRunner
-------------------------------------------------------------------------------
Tests run: 6, Failures: 0, Errors: 2, Skipped: 0, Time elapsed: 38.641 sec <<< FAILURE!
check the logout link(check homepage functionality)  Time elapsed: 0.338 sec  <<< ERROR!
io.cucumber.junit.UndefinedStepException: The step 'User is on login' and 4 other step(s) are undefined.
You can implement these steps using the snippet(s) below:

@Given("User is on login")
public void user_is_on_login() {
    // Write code here that turns the phrase above into concrete actions
    throw new io.cucumber.java.PendingException();
}
@When("User clicks on the login button")
public void user_clicks_on_the_login_button() {
    // Write code here that turns the phrase above into concrete actions
    throw new io.cucumber.java.PendingException();
}
@Then("User is naviage to the homepage")
public void user_is_naviage_to_the_homepage() {
    // Write code here that turns the phrase above into concrete actions
    throw new io.cucumber.java.PendingException();
}
@When("user is clicked on welcome link")
public void user_is_clicked_on_welcome_link() {
    // Write code here that turns the phrase above into concrete actions
    throw new io.cucumber.java.PendingException();
}
@Then("logout link is dispalayed")
public void logout_link_is_dispalayed() {
    // Write code here that turns the phrase above into concrete actions
    throw new io.cucumber.java.PendingException();
}


verify the quick lunch toolbar  is present(check homepage functionality)  Time elapsed: 0.032 sec  <<< ERROR!
io.cucumber.junit.UndefinedStepException: The step 'User is on login' and 4 other step(s) are undefined.
You can implement these steps using the snippet(s) below:

@Given("User is on login")
public void user_is_on_login() {
    // Write code here that turns the phrase above into concrete actions
    throw new io.cucumber.java.PendingException();
}
@When("User clicks on the login button")
public void user_clicks_on_the_login_button() {
    // Write code here that turns the phrase above into concrete actions
    throw new io.cucumber.java.PendingException();
}
@Then("User is naviage to the homepage")
public void user_is_naviage_to_the_homepage() {
    // Write code here that turns the phrase above into concrete actions
    throw new io.cucumber.java.PendingException();
}
@When("user is clciks on dashboard link")
public void user_is_clciks_on_dashboard_link() {
    // Write code here that turns the phrase above into concrete actions
    throw new io.cucumber.java.PendingException();
}
@Then("quick lunch toolbar is displayed")
public void quick_lunch_toolbar_is_displayed() {
    // Write code here that turns the phrase above into concrete actions
    throw new io.cucumber.java.PendingException();
}


