<?xml version="1.0" encoding="UTF-8" ?>
<testsuite tests="6" failures="0" name="StepDefinations.TestRunner" time="37.475" errors="2" skipped="0">
  <properties>
[...]
</properties>
  <testcase classname="check homepage functionality" name="check the logout link" time="0.338">
    <error message="The step &apos;User is on login&apos; and 4 other step(s) are undefined.
You can implement these steps using the snippet(s) below:

@Given(&quot;User is on login&quot;)
public void user_is_on_login() {
    // Write code here that turns the phrase above into concrete actions
    throw new io.cucumber.java.PendingException();
}
@When(&quot;User clicks on the login button&quot;)
public void user_clicks_on_the_login_button() {
    // Write code here that turns the phrase above into concrete actions
    throw new io.cucumber.java.PendingException();
}
@Then(&quot;User is naviage to the homepage&quot;)
public void user_is_naviage_to_the_homepage() {
    // Write code here that turns the phrase above into concrete actions
    throw new io.cucumber.java.PendingException();
}
@When(&quot;user is clicked on welcome link&quot;)
public void user_is_clicked_on_welcome_link() {
    // Write code here that turns the phrase above into concrete actions
    throw new io.cucumber.java.PendingException();
}
@Then(&quot;logout link is dispalayed&quot;)
public void logout_link_is_dispalayed() {
    // Write code here that turns the phrase above into concrete actions
    throw new io.cucumber.java.PendingException();
}
" type="io.cucumber.junit.UndefinedStepException">io.cucumber.junit.UndefinedStepException: The step &apos;User is on login&apos; and 4 other step(s) are undefined.
You can implement these steps using the snippet(s) below:

@Given(&quot;User is on login&quot;)
public void user_is_on_login() {
    // Write code here that turns the phrase above into concrete actions
    throw new io.cucumber.java.PendingException();
}
@When(&quot;User clicks on the login button&quot;)
public void user_clicks_on_the_login_button() {
    // Write code here that turns the phrase above into concrete actions
    throw new io.cucumber.java.PendingException();
}
@Then(&quot;User is naviage to the homepage&quot;)
public void user_is_naviage_to_the_homepage() {
    // Write code here that turns the phrase above into concrete actions
    throw new io.cucumber.java.PendingException();
}
@When(&quot;user is clicked on welcome link&quot;)
public void user_is_clicked_on_welcome_link() {
    // Write code here that turns the phrase above into concrete actions
    throw new io.cucumber.java.PendingException();
}
@Then(&quot;logout link is dispalayed&quot;)
public void logout_link_is_dispalayed() {
    // Write code here that turns the phrase above into concrete actions
    throw new io.cucumber.java.PendingException();
}

</error>
    <system-out>
Scenario: check the logout link          # src/test/resources/Features/BackgroundDemo/BackgroundDemo.feature:9
  Given User is on login                 # null
  When User enters username and password # StepDefinations.LoginDemoStep_PF.user_enters_username_and_password(java.lang.String,java.lang.String)
  And User clicks on the login button    # null
  Then User is naviage to the homepage   # null
  When user is clicked on welcome link   # null
  Then logout link is dispalayed         # null
</system-out>
  </testcase>
  <testcase classname="check homepage functionality" name="verify the quick lunch toolbar  is present" time="0.032">
    <error message="The step &apos;User is on login&apos; and 4 other step(s) are undefined.
You can implement these steps using the snippet(s) below:

@Given(&quot;User is on login&quot;)
public void user_is_on_login() {
    // Write code here that turns the phrase above into concrete actions
    throw new io.cucumber.java.PendingException();
}
@When(&quot;User clicks on the login button&quot;)
public void user_clicks_on_the_login_button() {
    // Write code here that turns the phrase above into concrete actions
    throw new io.cucumber.java.PendingException();
}
@Then(&quot;User is naviage to the homepage&quot;)
public void user_is_naviage_to_the_homepage() {
    // Write code here that turns the phrase above into concrete actions
    throw new io.cucumber.java.PendingException();
}
@When(&quot;user is clciks on dashboard link&quot;)
public void user_is_clciks_on_dashboard_link() {
    // Write code here that turns the phrase above into concrete actions
    throw new io.cucumber.java.PendingException();
}
@Then(&quot;quick lunch toolbar is displayed&quot;)
public void quick_lunch_toolbar_is_displayed() {
    // Write code here that turns the phrase above into concrete actions
    throw new io.cucumber.java.PendingException();
}
" type="io.cucumber.junit.UndefinedStepException">io.cucumber.junit.UndefinedStepException: The step &apos;User is on login&apos; and 4 other step(s) are undefined.
You can implement these steps using the snippet(s) below:

@Given(&quot;User is on login&quot;)
public void user_is_on_login() {
    // Write code here that turns the phrase above into concrete actions
    throw new io.cucumber.java.PendingException();
}
@When(&quot;User clicks on the login button&quot;)
public void user_clicks_on_the_login_button() {
    // Write code here that turns the phrase above into concrete actions
    throw new io.cucumber.java.PendingException();
}
@Then(&quot;User is naviage to the homepage&quot;)
public void user_is_naviage_to_the_homepage() {
    // Write code here that turns the phrase above into concrete actions
    throw new io.cucumber.java.PendingException();
}
@When(&quot;user is clciks on dashboard link&quot;)
public void user_is_clciks_on_dashboard_link() {
    // Write code here that turns the phrase above into concrete actions
    throw new io.cucumber.java.PendingException();
}
@Then(&quot;quick lunch toolbar is displayed&quot;)
public void quick_lunch_toolbar_is_displayed() {
    // Write code here that turns the phrase above into concrete actions
    throw new io.cucumber.java.PendingException();
}

</error>
    <system-out>
Scenario: verify the quick lunch toolbar  is present # src/test/resources/Features/BackgroundDemo/BackgroundDemo.feature:13
  Given User is on login                             # null
  When User enters username and password             # StepDefinations.LoginDemoStep_PF.user_enters_username_and_password(java.lang.String,java.lang.String)
  And User clicks on the login button                # null
  Then User is naviage to the homepage               # null
  When user is clciks on dashboard link              # null
  Then quick lunch toolbar is displayed              # null
</system-out>
  </testcase>
  <testcase classname="feature to test Googlesearch functionality" name="validate googlesearch  is working" time="26.873"/>
  <testcase classname="Test login functionality" name="Check login is successful with valid credentials #1" time="5.088"/>
  <testcase classname="Test login functionality" name="Check login is successful with valid credentials #2" time="5.109"/>
  <testcase classname="feature to test login functionality" name="Check login is successfull with valid credentials" time="0.035"/>
</testsuite>