<?xml version="1.0" encoding="UTF-8" standalone="no"?>
<testsuite errors="0" failures="0" name="io.cucumber.core.plugin.JUnitFormatter" skipped="0" tests="2" time="4.605">
    <testcase classname="check the login page is working fine" name="_2" time="2.318">
        <system-out><![CDATA[Given user come on the browser..............................................passed
When user give the username and password....................................passed
And user click login button.................................................passed
Then user navigae to the home page..........................................passed
]]></system-out>
    </testcase>
    <testcase classname="check the login page is working fine" name="_3" time="2.247">
        <system-out><![CDATA[Given user come on the browser..............................................passed
When user give the username and password....................................passed
And user click login button.................................................passed
Then user navigae to the home page..........................................passed
]]></system-out>
    </testcase>
</testsuite>
