<?xml version="1.0" encoding="UTF-8"?>
<testng-results ignored="0" total="1" passed="1" failed="0" skipped="0">
  <reporter-output>
  </reporter-output>
  <suite started-at="2021-03-26T19:16:54 IST" name="Default suite" finished-at="2021-03-26T19:16:56 IST" duration-ms="2221">
    <groups>
    </groups>
    <test started-at="2021-03-26T19:16:54 IST" name="Default test" finished-at="2021-03-26T19:16:56 IST" duration-ms="2221">
      <class name="Examples">
        <test-method signature="test_get()[pri:0, instance:Examples@4386f16]" started-at="2021-03-26T19:16:54 IST" name="test_get" finished-at="2021-03-26T19:16:56 IST" duration-ms="2154" status="PASS">
          <reporter-output>
          </reporter-output>
        </test-method> <!-- test_get -->
      </class> <!-- Examples -->
    </test> <!-- Default test -->
  </suite> <!-- Default suite -->
</testng-results>
