<?xml version="1.0" encoding="UTF-8"?>
<!-- Generated by org.testng.reporters.JUnitXMLReporter -->
<testsuite hostname="DESKTOP-72M7BDB" failures="0" tests="4" name="logintest" time="19.36" errors="0" timestamp="23 Feb 2021 19:19:06 GMT">
  <testcase classname="reporting.TC2" name="@AfterClass nm" time="0.0">
    <failure type="java.lang.AssertionError" message="expected [true] but found [false]">
      <![CDATA[java.lang.AssertionError: expected [true] but found [false]
	at reporting.TC2.nm(TC2.java:28)
... Removed 28 stack frames]]>
    </failure>
  </testcase> <!-- @AfterClass nm -->
  <testcase classname="reporting.LoginTest" name="LoginByEmail" time="12.371"/>
  <testcase classname="reporting.TC2" name="m3" time="0.003"/>
  <testcase classname="reporting.TC2" name="m4" time="0.004"/>
  <testcase classname="reporting.TC2" name="m5" time="0.003"/>
</testsuite> <!-- logintest -->
