<?xml version="1.0" encoding="UTF-8"?>
<testng-results ignored="7" total="11" passed="4" failed="0" skipped="0">
  <reporter-output>
  </reporter-output>
  <suite started-at="2021-04-08T22:29:22 IST" name="Suite" finished-at="2021-04-08T22:29:57 IST" duration-ms="34444">
    <groups>
    </groups>
    <test started-at="2021-04-08T22:29:22 IST" name="Test" finished-at="2021-04-08T22:29:57 IST" duration-ms="34444">
      <class name="practice1.WebTabeDemo">
        <test-method signature="getcellvalueBycustomeMethod()[pri:7, instance:practice1.WebTabeDemo@5b7a5baa]" started-at="2021-04-08T22:29:22 IST" name="getcellvalueBycustomeMethod" description="get the cell value by custom method" finished-at="2021-04-08T22:29:33 IST" duration-ms="10584" status="PASS">
          <reporter-output>
          </reporter-output>
        </test-method> <!-- getcellvalueBycustomeMethod -->
        <test-method is-config="true" signature="teardown()[pri:0, instance:practice1.WebTabeDemo@5b7a5baa]" started-at="2021-04-08T22:29:33 IST" name="teardown" finished-at="2021-04-08T22:29:33 IST" duration-ms="301" status="PASS">
          <reporter-output>
          </reporter-output>
        </test-method> <!-- teardown -->
        <test-method signature="getcelldatadynamictable()[pri:8, instance:practice1.WebTabeDemo@5b7a5baa]" started-at="2021-04-08T22:29:33 IST" name="getcelldatadynamictable" description="get the dynamic data" finished-at="2021-04-08T22:29:40 IST" duration-ms="6871" status="PASS">
          <reporter-output>
          </reporter-output>
        </test-method> <!-- getcelldatadynamictable -->
        <test-method is-config="true" signature="teardown()[pri:0, instance:practice1.WebTabeDemo@5b7a5baa]" started-at="2021-04-08T22:29:40 IST" name="teardown" finished-at="2021-04-08T22:29:40 IST" duration-ms="313" status="PASS">
          <reporter-output>
          </reporter-output>
        </test-method> <!-- teardown -->
        <test-method signature="getAllTableData()[pri:9, instance:practice1.WebTabeDemo@5b7a5baa]" started-at="2021-04-08T22:29:40 IST" name="getAllTableData" description="get all the table data" finished-at="2021-04-08T22:29:49 IST" duration-ms="9106" status="PASS">
          <reporter-output>
          </reporter-output>
        </test-method> <!-- getAllTableData -->
        <test-method is-config="true" signature="teardown()[pri:0, instance:practice1.WebTabeDemo@5b7a5baa]" started-at="2021-04-08T22:29:49 IST" name="teardown" finished-at="2021-04-08T22:29:50 IST" duration-ms="161" status="PASS">
          <reporter-output>
          </reporter-output>
        </test-method> <!-- teardown -->
        <test-method signature="getperticularcol()[pri:10, instance:practice1.WebTabeDemo@5b7a5baa]" started-at="2021-04-08T22:29:50 IST" name="getperticularcol" description="get the perticular column  " finished-at="2021-04-08T22:29:56 IST" duration-ms="6895" status="PASS">
          <reporter-output>
          </reporter-output>
        </test-method> <!-- getperticularcol -->
        <test-method is-config="true" signature="teardown()[pri:0, instance:practice1.WebTabeDemo@5b7a5baa]" started-at="2021-04-08T22:29:56 IST" name="teardown" finished-at="2021-04-08T22:29:57 IST" duration-ms="138" status="PASS">
          <reporter-output>
          </reporter-output>
        </test-method> <!-- teardown -->
      </class> <!-- practice1.WebTabeDemo -->
    </test> <!-- Test -->
  </suite> <!-- Suite -->
</testng-results>
