<?xml version="1.0" encoding="UTF-8"?>
<!-- Generated by org.testng.reporters.JUnitXMLReporter -->
<testsuite ignored="0" hostname="DESKTOP-72M7BDB" failures="0" tests="2" name="test1" time="21.373" errors="0" timestamp="25 Feb 2021 06:44:20 GMT">
  <testcase classname="com.maven.testCases.TC1_LoginTest_001" name="login" time="15.926"/>
  <testcase classname="com.maven.testCases.TC1_LoginDDT_002" name="loginTest" time="0.0">
    <skipped/>
  </testcase> <!-- loginTest -->
</testsuite> <!-- test1 -->
