<?xml version="1.0" encoding="UTF-8"?>
<!-- Generated by org.testng.reporters.JUnitXMLReporter -->
<testsuite hostname="DESKTOP-72M7BDB" failures="3" tests="4" name="ietest" time="0.098" errors="0" timestamp="21 Feb 2021 15:31:25 GMT">
  <testcase classname="parameterization.CrossBrowserTest" name="launchbrowser" time="0.014">
    <failure type="java.lang.NullPointerException" message="Cannot invoke &amp;quot;org.openqa.selenium.WebDriver.get(String)&amp;quot; because &amp;quot;this.driver&amp;quot; is null">
      <![CDATA[java.lang.NullPointerException: Cannot invoke "org.openqa.selenium.WebDriver.get(String)" because "this.driver" is null
	at parameterization.CrossBrowserTest.launchbrowser(CrossBrowserTest.java:25)
	at java.base/java.util.concurrent.FutureTask.run(FutureTask.java:264)
	at java.base/java.util.concurrent.ThreadPoolExecutor.runWorker(ThreadPoolExecutor.java:1130)
	at java.base/java.util.concurrent.ThreadPoolExecutor$Worker.run(ThreadPoolExecutor.java:630)
	at java.base/java.lang.Thread.run(Thread.java:832)
... Removed 16 stack frames]]>
    </failure>
  </testcase> <!-- launchbrowser -->
  <testcase classname="parameterization.CrossBrowserTest" name="verifyTitle" time="0.002">
    <failure type="java.lang.NullPointerException" message="Cannot invoke &amp;quot;org.openqa.selenium.WebDriver.getTitle()&amp;quot; because &amp;quot;this.driver&amp;quot; is null">
      <![CDATA[java.lang.NullPointerException: Cannot invoke "org.openqa.selenium.WebDriver.getTitle()" because "this.driver" is null
	at parameterization.CrossBrowserTest.verifyTitle(CrossBrowserTest.java:32)
	at java.base/java.util.concurrent.FutureTask.run(FutureTask.java:264)
	at java.base/java.util.concurrent.ThreadPoolExecutor.runWorker(ThreadPoolExecutor.java:1130)
	at java.base/java.util.concurrent.ThreadPoolExecutor$Worker.run(ThreadPoolExecutor.java:630)
	at java.base/java.lang.Thread.run(Thread.java:832)
... Removed 16 stack frames]]>
    </failure>
  </testcase> <!-- verifyTitle -->
  <testcase classname="parameterization.CrossBrowserTest" name="registration" time="0.048"/>
  <testcase classname="parameterization.CrossBrowserTest" name="closeBrowser" time="0.002">
    <failure type="java.lang.NullPointerException" message="Cannot invoke &amp;quot;org.openqa.selenium.WebDriver.close()&amp;quot; because &amp;quot;this.driver&amp;quot; is null">
      <![CDATA[java.lang.NullPointerException: Cannot invoke "org.openqa.selenium.WebDriver.close()" because "this.driver" is null
	at parameterization.CrossBrowserTest.closeBrowser(CrossBrowserTest.java:45)
	at java.base/java.util.concurrent.FutureTask.run(FutureTask.java:264)
	at java.base/java.util.concurrent.ThreadPoolExecutor.runWorker(ThreadPoolExecutor.java:1130)
	at java.base/java.util.concurrent.ThreadPoolExecutor$Worker.run(ThreadPoolExecutor.java:630)
	at java.base/java.lang.Thread.run(Thread.java:832)
... Removed 16 stack frames]]>
    </failure>
  </testcase> <!-- closeBrowser -->
</testsuite> <!-- ietest -->
