<?xml version="1.0" encoding="UTF-8"?>
<!-- Generated by org.testng.reporters.JUnitXMLReporter -->
<testsuite hostname="DESKTOP-72M7BDB" failures="0" tests="4" name="regression" time="0.069" errors="0" timestamp="18 Feb 2021 17:46:14 GMT">
  <testcase classname="test.Grouptestdemo" name="test3" time="0.013"/>
  <testcase classname="test.Testng" name="test1" time="0.003"/>
  <testcase classname="test.Grouptestdemo" name="test1" time="0.004"/>
  <testcase classname="test.Grouptestdemo" name="test2" time="0.003"/>
</testsuite> <!-- regression -->
