<?xml version="1.0" encoding="UTF-8"?>
<!-- Generated by org.testng.reporters.JUnitXMLReporter -->
<testsuite hostname="DESKTOP-72M7BDB" failures="0" tests="4" name="GRP-user-registration" time="0.044" errors="0" timestamp="18 Feb 2021 15:06:21 GMT">
  <testcase classname="ui.Grouptestdemo" name="test3" time="0.023"/>
  <testcase classname="ui.Grouptestdemo" name="test4" time="0.001"/>
  <testcase classname="ui.Grouptestdemo" name="test1" time="0.001"/>
  <testcase classname="ui.Grouptestdemo" name="test2" time="0.001"/>
</testsuite> <!-- GRP-user-registration -->
