<?xml version="1.0" encoding="UTF-8"?>
<!-- Generated by org.testng.reporters.JUnitXMLReporter -->
<testsuite hostname="DESKTOP-72M7BDB" failures="0" tests="4" name="crossbrowsertest" time="20.59" errors="0" timestamp="17 Mar 2021 13:03:45 GMT">
  <testcase classname="parameterization.CrossBrowserTest" name="launchbrowser" time="20.188"/>
  <testcase classname="parameterization.CrossBrowserTest" name="verifyTitle" time="0.086"/>
  <testcase classname="parameterization.CrossBrowserTest" name="registration" time="0.006"/>
  <testcase classname="parameterization.CrossBrowserTest" name="closeBrowser" time="0.261"/>
</testsuite> <!-- crossbrowsertest -->
