<?xml version="1.0" encoding="UTF-8"?>
<!-- Generated by org.testng.reporters.JUnitXMLReporter -->
<testsuite hostname="DESKTOP-72M7BDB" failures="2" tests="4" name="test" time="0.077" errors="0" timestamp="17 Mar 2021 13:02:09 GMT">
  <testcase classname="parameterization.CrossBrowserTest" name="launchbrowser" time="0.006">
    <skipped/>
  </testcase> <!-- launchbrowser -->
  <testcase classname="parameterization.CrossBrowserTest" name="verifyTitle" time="0.022">
    <failure type="java.lang.NullPointerException" message="Cannot invoke &amp;quot;org.openqa.selenium.WebDriver.getTitle()&amp;quot; because &amp;quot;this.driver&amp;quot; is null">
      <![CDATA[java.lang.NullPointerException: Cannot invoke "org.openqa.selenium.WebDriver.getTitle()" because "this.driver" is null
	at parameterization.CrossBrowserTest.verifyTitle(CrossBrowserTest.java:42)
... Removed 24 stack frames]]>
    </failure>
  </testcase> <!-- verifyTitle -->
  <testcase classname="parameterization.CrossBrowserTest" name="registration" time="0.009"/>
  <testcase classname="parameterization.CrossBrowserTest" name="closeBrowser" time="0.002">
    <failure type="java.lang.NullPointerException" message="Cannot invoke &amp;quot;org.openqa.selenium.WebDriver.close()&amp;quot; because &amp;quot;this.driver&amp;quot; is null">
      <![CDATA[java.lang.NullPointerException: Cannot invoke "org.openqa.selenium.WebDriver.close()" because "this.driver" is null
	at parameterization.CrossBrowserTest.closeBrowser(CrossBrowserTest.java:56)
... Removed 24 stack frames]]>
    </failure>
  </testcase> <!-- closeBrowser -->
</testsuite> <!-- test -->
