<?xml version="1.0" encoding="UTF-8"?>
<testng-results ignored="0" total="3" passed="3" failed="0" skipped="0">
  <reporter-output>
  </reporter-output>
  <suite started-at="2021-03-19T23:32:24 IST" name="Default suite" finished-at="2021-03-19T23:32:26 IST" duration-ms="2158">
    <groups>
    </groups>
    <test started-at="2021-03-19T23:32:24 IST" name="Default test" finished-at="2021-03-19T23:32:26 IST" duration-ms="2158">
      <class name="dataprovider.excel.dataprovider">
        <test-method signature="testcasedata(java.lang.String,java.lang.String,java.lang.String)[pri:0, instance:dataprovider.excel.dataprovider@1aa7ecca]" started-at="2021-03-19T23:32:26 IST" name="testcasedata" data-provider="driverTest" finished-at="2021-03-19T23:32:26 IST" duration-ms="9" status="PASS">
          <params>
            <param index="0">
              <value>
                <![CDATA[hello]]>
              </value>
            </param>
            <param index="1">
              <value>
                <![CDATA[text]]>
              </value>
            </param>
            <param index="2">
              <value>
                <![CDATA[1]]>
              </value>
            </param>
          </params>
          <reporter-output>
          </reporter-output>
        </test-method> <!-- testcasedata -->
        <test-method signature="testcasedata(java.lang.String,java.lang.String,java.lang.String)[pri:0, instance:dataprovider.excel.dataprovider@1aa7ecca]" started-at="2021-03-19T23:32:26 IST" name="testcasedata" data-provider="driverTest" finished-at="2021-03-19T23:32:26 IST" duration-ms="3" status="PASS">
          <params>
            <param index="0">
              <value>
                <![CDATA[bye]]>
              </value>
            </param>
            <param index="1">
              <value>
                <![CDATA[message]]>
              </value>
            </param>
            <param index="2">
              <value>
                <![CDATA[143]]>
              </value>
            </param>
          </params>
          <reporter-output>
          </reporter-output>
        </test-method> <!-- testcasedata -->
        <test-method signature="testcasedata(java.lang.String,java.lang.String,java.lang.String)[pri:0, instance:dataprovider.excel.dataprovider@1aa7ecca]" started-at="2021-03-19T23:32:26 IST" name="testcasedata" data-provider="driverTest" finished-at="2021-03-19T23:32:26 IST" duration-ms="2" status="PASS">
          <params>
            <param index="0">
              <value>
                <![CDATA[solo]]>
              </value>
            </param>
            <param index="1">
              <value>
                <![CDATA[call]]>
              </value>
            </param>
            <param index="2">
              <value>
                <![CDATA[453]]>
              </value>
            </param>
          </params>
          <reporter-output>
          </reporter-output>
        </test-method> <!-- testcasedata -->
      </class> <!-- dataprovider.excel.dataprovider -->
    </test> <!-- Default test -->
  </suite> <!-- Default suite -->
</testng-results>
