<?xml version="1.0" encoding="UTF-8"?>
<!-- Generated by org.testng.reporters.JUnitXMLReporter -->
<testsuite hostname="DESKTOP-72M7BDB" failures="0" tests="4" name="crossbrowsertest" time="13.942" errors="0" timestamp="24 Feb 2021 06:56:24 GMT">
  <testcase classname="parameterization.CrossBrowserTest" name="launchbrowser" time="13.544"/>
  <testcase classname="parameterization.CrossBrowserTest" name="verifyTitle" time="0.077"/>
  <testcase classname="parameterization.CrossBrowserTest" name="registration" time="0.002"/>
  <testcase classname="parameterization.CrossBrowserTest" name="closeBrowser" time="0.282"/>
</testsuite> <!-- crossbrowsertest -->
