<?xml version="1.0" encoding="UTF-8"?>
<!-- Generated by org.testng.reporters.JUnitXMLReporter -->
<testsuite hostname="DESKTOP-72M7BDB" failures="0" tests="4" name="firefoxtest" time="34.943" errors="0" timestamp="24 Feb 2021 06:56:45 GMT">
  <testcase classname="parameterization.CrossBrowserTest" name="launchbrowser" time="33.071"/>
  <testcase classname="parameterization.CrossBrowserTest" name="verifyTitle" time="0.014"/>
  <testcase classname="parameterization.CrossBrowserTest" name="registration" time="0.001"/>
  <testcase classname="parameterization.CrossBrowserTest" name="closeBrowser" time="1.826"/>
</testsuite> <!-- firefoxtest -->
