<?xml version="1.0" encoding="UTF-8"?>
<!-- Generated by org.testng.reporters.JUnitXMLReporter -->
<testsuite ignored="7" hostname="DESKTOP-72M7BDB" failures="0" tests="4" name="Test" time="34.444" errors="0" timestamp="2021-04-08T22:29:57 IST">
  <testcase classname="practice1.WebTabeDemo" name="getcellvalueBycustomeMethod" time="10.584"/>
  <testcase classname="practice1.WebTabeDemo" name="getcelldatadynamictable" time="6.871"/>
  <testcase classname="practice1.WebTabeDemo" name="getAllTableData" time="9.106"/>
  <testcase classname="practice1.WebTabeDemo" name="getperticularcol" time="6.895"/>
  <testcase classname="practice1.WebTabeDemo" name="getTableHeaders" time="0.0">
    <ignored/>
  </testcase> <!-- getTableHeaders -->
  <testcase classname="practice1.WebTabeDemo" name="getAge" time="0.0">
    <ignored/>
  </testcase> <!-- getAge -->
  <testcase classname="practice1.WebTabeDemo" name="printLastrow" time="0.0">
    <ignored/>
  </testcase> <!-- printLastrow -->
  <testcase classname="practice1.WebTabeDemo" name="countRowsAndColoumns" time="0.0">
    <ignored/>
  </testcase> <!-- countRowsAndColoumns -->
  <testcase classname="practice1.WebTabeDemo" name="retrievemorethanonecolumn" time="0.0">
    <ignored/>
  </testcase> <!-- retrievemorethanonecolumn -->
  <testcase classname="practice1.WebTabeDemo" name="getcellvalue" time="0.0">
    <ignored/>
  </testcase> <!-- getcellvalue -->
  <testcase classname="practice1.WebTabeDemo" name="getEmpPossition" time="0.0">
    <ignored/>
  </testcase> <!-- getEmpPossition -->
</testsuite> <!-- Test -->
