<?xml version="1.0" encoding="UTF-8"?>
<!-- Generated by org.testng.reporters.JUnitXMLReporter -->
<testsuite ignored="1" hostname="DESKTOP-72M7BDB" failures="0" tests="4" name="Test" time="24.636" errors="0" timestamp="2021-05-18T23:17:31 IST">
  <testcase classname="com.test.TestngDemo" name="testcase1" time="0.108"/>
  <testcase classname="com.test.TestngDemo" name="testcase2" time="14.042"/>
  <testcase classname="com.test.TestngDemo" name="testcase3" time="0.008"/>
  <testcase classname="com.test.TestngDemo" name="testcase4" time="0.007"/>
  <testcase classname="com.test.TestngDemo" name="testcase5" time="0.0">
    <ignored/>
  </testcase> <!-- testcase5 -->
</testsuite> <!-- Test -->
