<?xml version="1.0" encoding="UTF-8"?>
<testng-results total="1" passed="1" failed="0" skipped="0">
  <reporter-output>
  </reporter-output>
  <suite started-at="2021-02-20T15:08:39Z" name="Default suite" finished-at="2021-02-20T15:08:39Z" duration-ms="41">
    <groups>
    </groups>
    <test started-at="2021-02-20T15:08:39Z" name="Default test" finished-at="2021-02-20T15:08:39Z" duration-ms="41">
      <class name="Testng.Testng">
        <test-method signature="openURL()[pri:0, instance:Testng.Testng@229c6181]" started-at="2021-02-20T20:38:39Z" name="openURL" finished-at="2021-02-20T20:38:39Z" duration-ms="17" status="PASS">
          <reporter-output>
          </reporter-output>
        </test-method> <!-- openURL -->
      </class> <!-- Testng.Testng -->
    </test> <!-- Default test -->
  </suite> <!-- Default suite -->
</testng-results>
