<?xml version="1.0" encoding="UTF-8"?>
<!-- Generated by org.testng.reporters.JUnitXMLReporter -->
<testsuite ignored="22" hostname="DESKTOP-72M7BDB" failures="0" tests="2" name="Regression" time="84.391" errors="0" timestamp="2021-05-10T21:10:07 IST">
  <testcase classname="com.mystore.testcases.EndToEndTest" name="endToEndTest" time="42.342"/>
  <testcase classname="com.mystore.testcases.AddToCartToPageTest" name="addToCartTest" time="12.09"/>
  <testcase classname="com.mystore.testcases.AccountCreationPageTest" name="verifyAccountCreatePageTest" time="0.0">
    <ignored/>
  </testcase> <!-- verifyAccountCreatePageTest -->
  <testcase classname="com.mystore.base.BaseClass" name="@BeforeSuite beforeSuit" time="0.0">
    <ignored/>
  </testcase> <!-- @BeforeSuite beforeSuit -->
  <testcase classname="com.mystore.base.BaseClass" name="@BeforeSuite beforeSuit" time="0.0">
    <ignored/>
  </testcase> <!-- @BeforeSuite beforeSuit -->
  <testcase classname="com.mystore.base.BaseClass" name="@BeforeSuite beforeSuit" time="0.0">
    <ignored/>
  </testcase> <!-- @BeforeSuite beforeSuit -->
  <testcase classname="com.mystore.base.BaseClass" name="@BeforeSuite beforeSuit" time="0.0">
    <ignored/>
  </testcase> <!-- @BeforeSuite beforeSuit -->
  <testcase classname="com.mystore.base.BaseClass" name="@BeforeSuite beforeSuit" time="0.0">
    <ignored/>
  </testcase> <!-- @BeforeSuite beforeSuit -->
  <testcase classname="com.mystore.base.BaseClass" name="@BeforeSuite beforeSuit" time="0.0">
    <ignored/>
  </testcase> <!-- @BeforeSuite beforeSuit -->
  <testcase classname="com.mystore.base.BaseClass" name="@BeforeSuite beforeSuit" time="0.0">
    <ignored/>
  </testcase> <!-- @BeforeSuite beforeSuit -->
  <testcase classname="com.mystore.testcases.LoginPageTest" name="loginTest" time="0.0">
    <ignored/>
  </testcase> <!-- loginTest -->
  <testcase classname="com.mystore.testcases.IndexPageTest" name="verifyLogo" time="0.0">
    <ignored/>
  </testcase> <!-- verifyLogo -->
  <testcase classname="com.mystore.testcases.OrderPageTest" name="verifyTotalPrice" time="0.0">
    <ignored/>
  </testcase> <!-- verifyTotalPrice -->
  <testcase classname="com.mystore.base.BaseClass" name="@BeforeTest readConfig" time="0.0">
    <ignored/>
  </testcase> <!-- @BeforeTest readConfig -->
  <testcase classname="com.mystore.base.BaseClass" name="@BeforeTest readConfig" time="0.0">
    <ignored/>
  </testcase> <!-- @BeforeTest readConfig -->
  <testcase classname="com.mystore.base.BaseClass" name="@BeforeTest readConfig" time="0.0">
    <ignored/>
  </testcase> <!-- @BeforeTest readConfig -->
  <testcase classname="com.mystore.base.BaseClass" name="@BeforeTest readConfig" time="0.0">
    <ignored/>
  </testcase> <!-- @BeforeTest readConfig -->
  <testcase classname="com.mystore.base.BaseClass" name="@BeforeTest readConfig" time="0.0">
    <ignored/>
  </testcase> <!-- @BeforeTest readConfig -->
  <testcase classname="com.mystore.base.BaseClass" name="@BeforeTest readConfig" time="0.0">
    <ignored/>
  </testcase> <!-- @BeforeTest readConfig -->
  <testcase classname="com.mystore.base.BaseClass" name="@BeforeTest readConfig" time="0.0">
    <ignored/>
  </testcase> <!-- @BeforeTest readConfig -->
  <testcase classname="com.mystore.testcases.IndexPageTest" name="verifyTitle" time="0.0">
    <ignored/>
  </testcase> <!-- verifyTitle -->
  <testcase classname="com.mystore.testcases.HomePageTest" name="orderHistoryandDetailsTest" time="0.0">
    <ignored/>
  </testcase> <!-- orderHistoryandDetailsTest -->
  <testcase classname="com.mystore.testcases.HomePageTest" name="wishListTest" time="0.0">
    <ignored/>
  </testcase> <!-- wishListTest -->
  <testcase classname="com.mystore.testcases.searchResultPageTest" name="productAvailibilityTest" time="0.0">
    <ignored/>
  </testcase> <!-- productAvailibilityTest -->
</testsuite> <!-- Regression -->
