<?xml version="1.0" encoding="UTF-8"?>
<!-- Generated by org.testng.reporters.JUnitXMLReporter -->
<testsuite ignored="0" hostname="DESKTOP-72M7BDB" failures="0" tests="6" name="Default test" time="45.306" errors="0" timestamp="2021-04-07T13:15:38 IST">
  <testcase classname="practice1.Practice3" name="getheaderofTable" time="8.974"/>
  <testcase classname="practice1.Practice3" name="getCount" time="5.704"/>
  <testcase classname="practice1.Practice3" name="getemployeename" time="7.72"/>
  <testcase classname="practice1.Practice3" name="getAge" time="5.432"/>
  <testcase classname="practice1.Practice3" name="printlastrow" time="8.062"/>
  <testcase classname="practice1.Practice3" name="getcelldata" time="4.543"/>
</testsuite> <!-- Default test -->
