<?xml version="1.0" encoding="UTF-8"?>
<testng-results ignored="0" total="5" passed="5" failed="0" skipped="0">
  <reporter-output>
  </reporter-output>
  <suite started-at="2021-04-11T18:04:04 IST" name="Default suite" finished-at="2021-04-11T18:04:05 IST" duration-ms="522">
    <groups>
    </groups>
    <test started-at="2021-04-11T18:04:04 IST" name="Default test" finished-at="2021-04-11T18:04:05 IST" duration-ms="522">
      <class name="com.WriteTestcases.ExcelTest">
        <test-method signature="testcase1()[pri:1, instance:com.WriteTestcases.ExcelTest@1fa1cab1]" started-at="2021-04-11T18:04:04 IST" name="testcase1" finished-at="2021-04-11T18:04:04 IST" duration-ms="12" status="PASS">
          <reporter-output>
          </reporter-output>
        </test-method> <!-- testcase1 -->
        <test-method signature="testcase2()[pri:2, instance:com.WriteTestcases.ExcelTest@1fa1cab1]" started-at="2021-04-11T18:04:04 IST" name="testcase2" finished-at="2021-04-11T18:04:04 IST" duration-ms="31" status="PASS">
          <reporter-output>
          </reporter-output>
        </test-method> <!-- testcase2 -->
        <test-method signature="testcase3()[pri:3, instance:com.WriteTestcases.ExcelTest@1fa1cab1]" started-at="2021-04-11T18:04:04 IST" name="testcase3" finished-at="2021-04-11T18:04:04 IST" duration-ms="3" status="PASS">
          <reporter-output>
          </reporter-output>
        </test-method> <!-- testcase3 -->
        <test-method signature="testcase4()[pri:4, instance:com.WriteTestcases.ExcelTest@1fa1cab1]" started-at="2021-04-11T18:04:04 IST" name="testcase4" finished-at="2021-04-11T18:04:05 IST" duration-ms="406" status="PASS">
          <reporter-output>
          </reporter-output>
        </test-method> <!-- testcase4 -->
        <test-method signature="testcase5()[pri:5, instance:com.WriteTestcases.ExcelTest@1fa1cab1]" started-at="2021-04-11T18:04:05 IST" name="testcase5" finished-at="2021-04-11T18:04:05 IST" duration-ms="2" status="PASS">
          <reporter-output>
          </reporter-output>
        </test-method> <!-- testcase5 -->
      </class> <!-- com.WriteTestcases.ExcelTest -->
    </test> <!-- Default test -->
  </suite> <!-- Default suite -->
</testng-results>
